[0.351s] Invoking command in '/home/mahe/challenge1/src/pid_challenge': PYTHONPATH=/home/mahe/challenge1/build/pid_challenge/prefix_override:/usr/lib/python3/dist-packages/colcon_core/task/python/colcon_distutils_commands:/home/mahe/challenge1/install/pid_challenge/lib/python3.10/site-packages:${PYTHONPATH} /usr/bin/python3 -W ignore:setup.py install is deprecated -W ignore:easy_install command is deprecated setup.py egg_info --egg-base ../../build/pid_challenge build --build-base /home/mahe/challenge1/build/pid_challenge/build install --record /home/mahe/challenge1/build/pid_challenge/install.log --single-version-externally-managed install_data
[0.490s] running egg_info
[0.491s] creating ../../build/pid_challenge/pid_challenge.egg-info
[0.491s] writing ../../build/pid_challenge/pid_challenge.egg-info/PKG-INFO
[0.491s] writing dependency_links to ../../build/pid_challenge/pid_challenge.egg-info/dependency_links.txt
[0.491s] writing entry points to ../../build/pid_challenge/pid_challenge.egg-info/entry_points.txt
[0.491s] writing requirements to ../../build/pid_challenge/pid_challenge.egg-info/requires.txt
[0.491s] writing top-level names to ../../build/pid_challenge/pid_challenge.egg-info/top_level.txt
[0.491s] writing manifest file '../../build/pid_challenge/pid_challenge.egg-info/SOURCES.txt'
[0.492s] reading manifest file '../../build/pid_challenge/pid_challenge.egg-info/SOURCES.txt'
[0.493s] writing manifest file '../../build/pid_challenge/pid_challenge.egg-info/SOURCES.txt'
[0.493s] running build
[0.493s] running build_py
[0.493s] creating /home/mahe/challenge1/build/pid_challenge/build
[0.493s] creating /home/mahe/challenge1/build/pid_challenge/build/lib
[0.493s] creating /home/mahe/challenge1/build/pid_challenge/build/lib/pid_challenge
[0.493s] copying pid_challenge/pid_controller.py -> /home/mahe/challenge1/build/pid_challenge/build/lib/pid_challenge
[0.493s] copying pid_challenge/__init__.py -> /home/mahe/challenge1/build/pid_challenge/build/lib/pid_challenge
[0.493s] running install
[0.493s] running install_lib
[0.493s] creating /home/mahe/challenge1/install/pid_challenge/lib/python3.10/site-packages/pid_challenge
[0.493s] copying /home/mahe/challenge1/build/pid_challenge/build/lib/pid_challenge/pid_controller.py -> /home/mahe/challenge1/install/pid_challenge/lib/python3.10/site-packages/pid_challenge
[0.494s] copying /home/mahe/challenge1/build/pid_challenge/build/lib/pid_challenge/__init__.py -> /home/mahe/challenge1/install/pid_challenge/lib/python3.10/site-packages/pid_challenge
[0.494s] byte-compiling /home/mahe/challenge1/install/pid_challenge/lib/python3.10/site-packages/pid_challenge/pid_controller.py to pid_controller.cpython-310.pyc
[0.495s] byte-compiling /home/mahe/challenge1/install/pid_challenge/lib/python3.10/site-packages/pid_challenge/__init__.py to __init__.cpython-310.pyc
[0.495s] running install_data
[0.495s] creating /home/mahe/challenge1/install/pid_challenge/share/ament_index
[0.495s] creating /home/mahe/challenge1/install/pid_challenge/share/ament_index/resource_index
[0.495s] creating /home/mahe/challenge1/install/pid_challenge/share/ament_index/resource_index/packages
[0.495s] copying resource/pid_challenge -> /home/mahe/challenge1/install/pid_challenge/share/ament_index/resource_index/packages
[0.495s] copying package.xml -> /home/mahe/challenge1/install/pid_challenge/share/pid_challenge
[0.495s] creating /home/mahe/challenge1/install/pid_challenge/share/pid_challenge/launch
[0.495s] copying launch/pid_launcher.launch.py -> /home/mahe/challenge1/install/pid_challenge/share/pid_challenge/launch
[0.495s] running install_egg_info
[0.496s] Copying ../../build/pid_challenge/pid_challenge.egg-info to /home/mahe/challenge1/install/pid_challenge/lib/python3.10/site-packages/pid_challenge-0.0.0-py3.10.egg-info
[0.497s] running install_scripts
[0.510s] Installing pid_controller script to /home/mahe/challenge1/install/pid_challenge/lib/pid_challenge
[0.510s] writing list of installed files to '/home/mahe/challenge1/build/pid_challenge/install.log'
[0.525s] Invoked command in '/home/mahe/challenge1/src/pid_challenge' returned '0': PYTHONPATH=/home/mahe/challenge1/build/pid_challenge/prefix_override:/usr/lib/python3/dist-packages/colcon_core/task/python/colcon_distutils_commands:/home/mahe/challenge1/install/pid_challenge/lib/python3.10/site-packages:${PYTHONPATH} /usr/bin/python3 -W ignore:setup.py install is deprecated -W ignore:easy_install command is deprecated setup.py egg_info --egg-base ../../build/pid_challenge build --build-base /home/mahe/challenge1/build/pid_challenge/build install --record /home/mahe/challenge1/build/pid_challenge/install.log --single-version-externally-managed install_data
